<?xml version="1.0" encoding="UTF-8"?>
<testsuite name="dao.BankDAOTest" tests="1" skipped="0" failures="0" errors="0" timestamp="2024-01-22T01:56:51" hostname="DESKTOP-U69B5KG" time="0.076">
  <properties/>
  <testcase name="updateByNumber_test()" classname="dao.BankDAOTest" time="0.076"/>
  <system-out><![CDATA[db connect success
업데이트 성공
]]></system-out>
  <system-err><![CDATA[SLF4J: No SLF4J providers were found.
SLF4J: Defaulting to no-operation (NOP) logger implementation
SLF4J: See https://www.slf4j.org/codes.html#noProviders for further details.
]]></system-err>
</testsuite>
